<?xml version="1.0" encoding="UTF-8"?>
<Site BuildName="(empty)"
	BuildStamp="20211104-1114-Experimental"
	Name="(empty)"
	Generator="ctest-3.19.6"
	CompilerName=""
	CompilerVersion=""
	OSName="Windows"
	Hostname="DESKTOP-85J6HC9"
	OSRelease=" Professional"
	OSVersion=" (Build 19042)"
	OSPlatform="AMD64"
	Is64Bits="1"
	VendorString="GenuineIntel"
	VendorID="Intel Corporation"
	FamilyID="6"
	ModelID="14"
	ProcessorCacheSize="-1"
	NumberOfLogicalCPU="8"
	NumberOfPhysicalCPU="4"
	TotalVirtualMemory="40837"
	TotalPhysicalMemory="16261"
	LogicalProcessorsPerPhysical="2"
	ProcessorClockFrequency="2808"
	>
	<Testing>
		<StartDateTime>Nov 04 19:14 Malay Peninsula Standard Time</StartDateTime>
		<StartTestTime>1636024474</StartTestTime>
		<TestList/>
		<EndDateTime>Nov 04 19:14 Malay Peninsula Standard Time</EndDateTime>
		<EndTestTime>1636024474</EndTestTime>
		<ElapsedMinutes>0</ElapsedMinutes>
	</Testing>
</Site>
